#
# A fatal error has been detected by the Java Runtime Environment:
#
#  SIGSEGV (0xb) at pc=0x0000000103113908, pid=47383, tid=17155
#
# JRE version: Java(TM) SE Runtime Environment (8.0_65-b17) (build 1.8.0_65-b17)
# Java VM: Java HotSpot(TM) 64-Bit Server VM (25.65-b01 mixed mode bsd-amd64 compressed oops)
# Problematic frame:
# V  [libjvm.dylib+0x446908]
#
# Failed to write core dump. Core dumps have been disabled. To enable core dumping, try "ulimit -c unlimited" before starting Java again
#
# If you would like to submit a bug report, please visit:
#   http://bugreport.java.com/bugreport/crash.jsp
#

---------------  T H R E A D  ---------------

Current thread (0x00007fc7ac802800):  JavaThread "JDWP Transport Listener: dt_socket" daemon [_thread_in_vm, id=17155, stack(0x0000700000b3b000,0x0000700000c3b000)]

siginfo: si_signo: 11 (SIGSEGV), si_code: 1 (SEGV_MAPERR), si_addr: 0x0000000000003b74

Registers:
RAX=0x0000000000000001, RBX=0x0000700000c3aa8b, RCX=0x00000001034e2310, RDX=0x0000700000c3aa8b
RSP=0x0000700000c3a9d0, RBP=0x0000700000c3a9e0, RSI=0x00007fc7ac802800, RDI=0x0000000000003b74
R8 =0x0000000000000001, R9 =0x0000000000000000, R10=0x0000000000000002, R11=0x00007fc7aac00000
R12=0x00007fc7ac802800, R13=0x0000000000003b74, R14=0x0000000000003b74, R15=0x00007fc7aac0cdc0
RIP=0x0000000103113908, EFLAGS=0x0000000000010206, ERR=0x0000000000000004
  TRAPNO=0x000000000000000e

Top of Stack: (sp=0x0000700000c3a9d0)
0x0000700000c3a9d0:   0000700000c3aa8b 0000700000c3aa8b
0x0000700000c3a9e0:   0000700000c3aa40 0000000103022a02
0x0000700000c3a9f0:   00007fc7ac802800 0000000000000000
0x0000700000c3aa00:   0000000000000000 0000000000000000
0x0000700000c3aa10:   00007fc7ac802800 00007fc7ac802800
0x0000700000c3aa20:   0000700000c3aa8b 0000700000c3aa90
0x0000700000c3aa30:   0000000000003b74 0000000000000008
0x0000700000c3aa40:   0000700000c3aa60 0000000103cbe780
0x0000700000c3aa50:   0000000000000001 0000700000c3ab08
0x0000700000c3aa60:   0000700000c3aad0 0000000103ca31f3
0x0000700000c3aa70:   0000700000c3aaa0 00007fc7aac883d0
0x0000700000c3aa80:   0000000900000032 0000000100c3ab08
0x0000700000c3aa90:   0000000000000000 0000000000000000
0x0000700000c3aaa0:   0000000000000000 0000700000c3ac90
0x0000700000c3aab0:   0000000103cc5e7a 00007fc7aae78760
0x0000700000c3aac0:   0000700000c3ab08 0000000103cd1598
0x0000700000c3aad0:   0000700000c3aae0 0000000103ca32ec
0x0000700000c3aae0:   0000700000c3ad00 0000000103cac898
0x0000700000c3aaf0:   000022b700000013 00000000000f0200
0x0000700000c3ab00:   00007fc7aae79330 00007fc7aac88706
0x0000700000c3ab10:   00007fc7000000f2 00007fc7aac870a0
0x0000700000c3ab20:   00007fc70000012c 0000700000c3ab58
0x0000700000c3ab30:   00007fc7aac870a0 0000000000000000
0x0000700000c3ab40:   000022b70000002b 0000000000000080
0x0000700000c3ab50:   0000700000c3ab58 c77f000009000000
0x0000700000c3ab60:   09000000e037d6aa 63417265746c6966
0x0000700000c3ab70:   734c283700000063 6e75462f616c6163
0x0000700000c3ab80:   4c3b316e6f697463 2f737465736a626f
0x0000700000c3ab90:   7465537465657754 65736a626f4c293b
0x0000700000c3aba0:   74656577542f7374 5a0000003b746553
0x0000700000c3abb0:   2f616c6163734c28 6e6f6974636e7546
0x0000700000c3abc0:   65736a626f4c3c31 74656577542f7374 

Instructions: (pc=0x0000000103113908)
0x00000001031138e8:   40 48 48 85 c0 75 e0 30 c0 0f b6 c0 5d c3 31 c0
0x00000001031138f8:   5d c3 55 48 89 e5 53 48 83 ec 08 48 85 ff 74 24
0x0000000103113908:   48 8b 1f 48 85 db 74 1c 48 83 fb 37 74 16 48 8b
0x0000000103113918:   03 48 89 df ff 50 10 84 c0 b8 00 00 00 00 48 0f 

Register to memory mapping:

RAX=0x0000000000000001 is an unknown value
RBX=0x0000700000c3aa8b is pointing into the stack for thread: 0x00007fc7ac802800
RCX=0x00000001034e2310: UseMembar+0 in /Library/Java/JavaVirtualMachines/jdk1.8.0_65.jdk/Contents/Home/jre/lib/server/libjvm.dylib at 0x0000000102ccd000
RDX=0x0000700000c3aa8b is pointing into the stack for thread: 0x00007fc7ac802800
RSP=0x0000700000c3a9d0 is pointing into the stack for thread: 0x00007fc7ac802800
RBP=0x0000700000c3a9e0 is pointing into the stack for thread: 0x00007fc7ac802800
RSI=0x00007fc7ac802800 is a thread
RDI=0x0000000000003b74 is an unknown value
R8 =0x0000000000000001 is an unknown value
R9 =0x0000000000000000 is an unknown value
R10=0x0000000000000002 is an unknown value
R11=0x00007fc7aac00000 is an unknown value
R12=0x00007fc7ac802800 is a thread
R13=0x0000000000003b74 is an unknown value
R14=0x0000000000003b74 is an unknown value
R15=0x00007fc7aac0cdc0 is an unknown value


Stack: [0x0000700000b3b000,0x0000700000c3b000],  sp=0x0000700000c3a9d0,  free space=1022k
Native frames: (J=compiled Java code, j=interpreted, Vv=VM code, C=native code)
V  [libjvm.dylib+0x446908]
V  [libjvm.dylib+0x355a02]
C  [libjdwp.dylib+0x20780]  isMethodSynthetic+0x63
C  [libjdwp.dylib+0x51f3]  methods1+0x10b
C  [libjdwp.dylib+0x52ec]  methodsWithGeneric+0xe
C  [libjdwp.dylib+0xe898]  debugLoop_run+0x1ce
C  [libjdwp.dylib+0x1f6ba]  attachThread+0x4d
V  [libjvm.dylib+0x396d60]
V  [libjvm.dylib+0x5612d3]
V  [libjvm.dylib+0x5629ce]
V  [libjvm.dylib+0x48342e]
C  [libsystem_pthread.dylib+0x399d]  _pthread_body+0x83
C  [libsystem_pthread.dylib+0x391a]  _pthread_body+0x0
C  [libsystem_pthread.dylib+0x1351]  thread_start+0xd
C  0x0000000000000000


---------------  P R O C E S S  ---------------

Java Threads: ( => current thread )
  0x00007fc7ac814800 JavaThread "Service Thread" daemon [_thread_blocked, id=20227, stack(0x000070000114d000,0x000070000124d000)]
  0x00007fc7ac866000 JavaThread "C1 CompilerThread2" daemon [_thread_blocked, id=19715, stack(0x000070000104a000,0x000070000114a000)]
  0x00007fc7ac865000 JavaThread "C2 CompilerThread1" daemon [_thread_blocked, id=19203, stack(0x0000700000f47000,0x0000700001047000)]
  0x00007fc7ab848800 JavaThread "C2 CompilerThread0" daemon [_thread_blocked, id=18691, stack(0x0000700000e44000,0x0000700000f44000)]
  0x00007fc7ab041000 JavaThread "JDWP Command Reader" daemon [_thread_in_native, id=18179, stack(0x0000700000d41000,0x0000700000e41000)]
  0x00007fc7ab040800 JavaThread "JDWP Event Helper Thread" daemon [_thread_blocked, id=17667, stack(0x0000700000c3e000,0x0000700000d3e000)]
=>0x00007fc7ac802800 JavaThread "JDWP Transport Listener: dt_socket" daemon [_thread_in_vm, id=17155, stack(0x0000700000b3b000,0x0000700000c3b000)]
  0x00007fc7ab83a800 JavaThread "Signal Dispatcher" daemon [_thread_blocked, id=16651, stack(0x0000700000a38000,0x0000700000b38000)]
  0x00007fc7ac02c000 JavaThread "Finalizer" daemon [_thread_blocked, id=12291, stack(0x000070000082f000,0x000070000092f000)]
  0x00007fc7ac808000 JavaThread "Reference Handler" daemon [_thread_blocked, id=11779, stack(0x000070000072c000,0x000070000082c000)]
  0x00007fc7ab00d000 JavaThread "main-ScalaTest-running-TweetSetSuite" [_thread_blocked, id=4099, stack(0x0000700000084000,0x0000700000184000)]

Other Threads:
  0x00007fc7ab830000 VMThread [stack: 0x0000700000629000,0x0000700000729000] [id=11267]
  0x00007fc7ac81d800 WatcherThread [stack: 0x0000700001250000,0x0000700001350000] [id=20739]

VM state:not at safepoint (normal execution)

VM Mutex/Monitor currently owned by a thread: None

Heap:
 PSYoungGen      total 18944K, used 5805K [0x00000007aab00000, 0x00000007ac000000, 0x00000007c0000000)
  eden space 16384K, 19% used [0x00000007aab00000,0x00000007aae32c80,0x00000007abb00000)
  from space 2560K, 98% used [0x00000007abd80000,0x00000007abff8858,0x00000007ac000000)
  to   space 2560K, 0% used [0x00000007abb00000,0x00000007abb00000,0x00000007abd80000)
 ParOldGen       total 44032K, used 1015K [0x0000000780000000, 0x0000000782b00000, 0x00000007aab00000)
  object space 44032K, 2% used [0x0000000780000000,0x00000007800fdeb8,0x0000000782b00000)
 Metaspace       used 9495K, capacity 10112K, committed 10240K, reserved 1058816K
  class space    used 1415K, capacity 1456K, committed 1536K, reserved 1048576K

Card table byte_map: [0x00000001139c0000,0x0000000113bc1000] byte_map_base: 0x000000010fdc0000

Marking Bits: (ParMarkBitMap*) 0x00000001035abe20
 Begin Bits: [0x0000000113d17000, 0x0000000114d17000)
 End Bits:   [0x0000000114d17000, 0x0000000115d17000)

Polling page: 0x0000000103c99000

CodeCache: size=245760Kb used=2409Kb max_used=2427Kb free=243350Kb
 bounds [0x0000000104600000, 0x0000000104870000, 0x0000000113600000]
 total_blobs=752 nmethods=466 adapters=208
 compilation: enabled

Compilation events (10 events):
Event: 2.446 Thread 0x00007fc7ac866000  462       3       java.util.jar.Manifest$FastInputStream::readLine (9 bytes)
Event: 2.446 Thread 0x00007fc7ac866000 nmethod 462 0x0000000104854050 code [0x00000001048541c0, 0x0000000104854388]
Event: 2.446 Thread 0x00007fc7ac866000  463       3       java.util.jar.Manifest$FastInputStream::peek (38 bytes)
Event: 2.446 Thread 0x00007fc7ac866000 nmethod 463 0x0000000104853b90 code [0x0000000104853d00, 0x0000000104853f48]
Event: 2.454 Thread 0x00007fc7ac866000  464       3       java.lang.Object::equals (11 bytes)
Event: 2.454 Thread 0x00007fc7ac866000 nmethod 464 0x0000000104858410 code [0x0000000104858580, 0x0000000104858730]
Event: 2.500 Thread 0x00007fc7ac866000  465       3       scala.Function1$class::$init$ (1 bytes)
Event: 2.500 Thread 0x00007fc7ac866000 nmethod 465 0x0000000104857690 code [0x00000001048577e0, 0x0000000104857910]
Event: 2.511 Thread 0x00007fc7ab848800  466   !   4       java.net.URL::<init> (543 bytes)
Event: 2.627 Thread 0x00007fc7ab848800 nmethod 466 0x000000010485bd90 code [0x000000010485c0e0, 0x000000010485dcd8]

GC Heap History (4 events):
Event: 1.952 GC heap before
{Heap before GC invocations=1 (full 0):
 PSYoungGen      total 18944K, used 16384K [0x00000007aab00000, 0x00000007ac000000, 0x00000007c0000000)
  eden space 16384K, 100% used [0x00000007aab00000,0x00000007abb00000,0x00000007abb00000)
  from space 2560K, 0% used [0x00000007abd80000,0x00000007abd80000,0x00000007ac000000)
  to   space 2560K, 0% used [0x00000007abb00000,0x00000007abb00000,0x00000007abd80000)
 ParOldGen       total 44032K, used 0K [0x0000000780000000, 0x0000000782b00000, 0x00000007aab00000)
  object space 44032K, 0% used [0x0000000780000000,0x0000000780000000,0x0000000782b00000)
 Metaspace       used 5577K, capacity 6616K, committed 6784K, reserved 1056768K
  class space    used 738K, capacity 776K, committed 896K, reserved 1048576K
Event: 1.958 GC heap after
Heap after GC invocations=1 (full 0):
 PSYoungGen      total 18944K, used 2542K [0x00000007aab00000, 0x00000007ac000000, 0x00000007c0000000)
  eden space 16384K, 0% used [0x00000007aab00000,0x00000007aab00000,0x00000007abb00000)
  from space 2560K, 99% used [0x00000007abb00000,0x00000007abd7b998,0x00000007abd80000)
  to   space 2560K, 0% used [0x00000007abd80000,0x00000007abd80000,0x00000007ac000000)
 ParOldGen       total 44032K, used 246K [0x0000000780000000, 0x0000000782b00000, 0x00000007aab00000)
  object space 44032K, 0% used [0x0000000780000000,0x000000078003d8d0,0x0000000782b00000)
 Metaspace       used 5577K, capacity 6616K, committed 6784K, reserved 1056768K
  class space    used 738K, capacity 776K, committed 896K, reserved 1048576K
}
Event: 2.411 GC heap before
{Heap before GC invocations=2 (full 0):
 PSYoungGen      total 18944K, used 18926K [0x00000007aab00000, 0x00000007ac000000, 0x00000007c0000000)
  eden space 16384K, 100% used [0x00000007aab00000,0x00000007abb00000,0x00000007abb00000)
  from space 2560K, 99% used [0x00000007abb00000,0x00000007abd7b998,0x00000007abd80000)
  to   space 2560K, 0% used [0x00000007abd80000,0x00000007abd80000,0x00000007ac000000)
 ParOldGen       total 44032K, used 246K [0x0000000780000000, 0x0000000782b00000, 0x00000007aab00000)
  object space 44032K, 0% used [0x0000000780000000,0x000000078003d8d0,0x0000000782b00000)
 Metaspace       used 8600K, capacity 9216K, committed 9344K, reserved 1056768K
  class space    used 1271K, capacity 1328K, committed 1408K, reserved 1048576K
Event: 2.415 GC heap after
Heap after GC invocations=2 (full 0):
 PSYoungGen      total 18944K, used 2530K [0x00000007aab00000, 0x00000007ac000000, 0x00000007c0000000)
  eden space 16384K, 0% used [0x00000007aab00000,0x00000007aab00000,0x00000007abb00000)
  from space 2560K, 98% used [0x00000007abd80000,0x00000007abff8858,0x00000007ac000000)
  to   space 2560K, 0% used [0x00000007abb00000,0x00000007abb00000,0x00000007abd80000)
 ParOldGen       total 44032K, used 1015K [0x0000000780000000, 0x0000000782b00000, 0x00000007aab00000)
  object space 44032K, 2% used [0x0000000780000000,0x00000007800fdeb8,0x0000000782b00000)
 Metaspace       used 8600K, capacity 9216K, committed 9344K, reserved 1056768K
  class space    used 1271K, capacity 1328K, committed 1408K, reserved 1048576K
}

Deoptimization events (1 events):
Event: 2.194 Thread 0x00007fc7ab00d000 Uncommon trap: reason=unstable_if action=reinterpret pc=0x00000001048272a0 method=java.lang.String.lastIndexOf([CII[CIII)I @ 66

Internal exceptions (7 events):
Event: 0.148 Thread 0x00007fc7ab00d000 Exception <a 'java/lang/NoSuchMethodError': Method sun.misc.Unsafe.defineClass(Ljava/lang/String;[BII)Ljava/lang/Class; name or signature does not match> (0x00000007aab12d08) thrown at [/Users/java_re/workspace/8-2-build-macosx-x86_64/jdk8u65/4987/hotspot
Event: 0.148 Thread 0x00007fc7ab00d000 Exception <a 'java/lang/NoSuchMethodError': Method sun.misc.Unsafe.prefetchRead(Ljava/lang/Object;J)V name or signature does not match> (0x00000007aab12ff0) thrown at [/Users/java_re/workspace/8-2-build-macosx-x86_64/jdk8u65/4987/hotspot/src/share/vm/prim
Event: 1.179 Thread 0x00007fc7ab00d000 Exception <a 'java/io/FileNotFoundException'> (0x00000007aad23848) thrown at [/Users/java_re/workspace/8-2-build-macosx-x86_64/jdk8u65/4987/hotspot/src/share/vm/prims/jni.cpp, line 709]
Event: 1.212 Thread 0x00007fc7ab00d000 Exception <a 'java/security/PrivilegedActionException'> (0x00000007aad726a8) thrown at [/Users/java_re/workspace/8-2-build-macosx-x86_64/jdk8u65/4987/hotspot/src/share/vm/prims/jvm.cpp, line 1386]
Event: 1.212 Thread 0x00007fc7ab00d000 Exception <a 'java/security/PrivilegedActionException'> (0x00000007aad728b8) thrown at [/Users/java_re/workspace/8-2-build-macosx-x86_64/jdk8u65/4987/hotspot/src/share/vm/prims/jvm.cpp, line 1386]
Event: 1.213 Thread 0x00007fc7ab00d000 Exception <a 'java/security/PrivilegedActionException'> (0x00000007aad75b58) thrown at [/Users/java_re/workspace/8-2-build-macosx-x86_64/jdk8u65/4987/hotspot/src/share/vm/prims/jvm.cpp, line 1386]
Event: 1.213 Thread 0x00007fc7ab00d000 Exception <a 'java/security/PrivilegedActionException'> (0x00000007aad75d68) thrown at [/Users/java_re/workspace/8-2-build-macosx-x86_64/jdk8u65/4987/hotspot/src/share/vm/prims/jvm.cpp, line 1386]

Events (10 events):
Event: 1138.302 Executing VM operation: GetOrSetLocal
Event: 1138.302 Executing VM operation: GetOrSetLocal done
Event: 1301.126 Executing VM operation: ChangeBreakpoints
Event: 1301.129 Executing VM operation: ChangeBreakpoints done
Event: 1301.131 Executing VM operation: ChangeBreakpoints
Event: 1301.132 Executing VM operation: ChangeBreakpoints done
Event: 1301.177 Executing VM operation: RedefineClasses
Event: 1301.242 Executing VM operation: RedefineClasses done
Event: 1301.246 Executing VM operation: GetOrSetLocal
Event: 1301.246 Executing VM operation: GetOrSetLocal done


Dynamic libraries:
0x0000000001d49000 	/System/Library/Frameworks/Cocoa.framework/Versions/A/Cocoa
0x0000000001d49000 	/System/Library/Frameworks/Security.framework/Versions/A/Security
0x0000000001d49000 	/System/Library/Frameworks/ApplicationServices.framework/Versions/A/ApplicationServices
0x0000000001d49000 	/usr/lib/libz.1.dylib
0x0000000001d49000 	/usr/lib/libSystem.B.dylib
0x0000000001d49000 	/usr/lib/libobjc.A.dylib
0x0000000001d49000 	/System/Library/Frameworks/CoreFoundation.framework/Versions/A/CoreFoundation
0x0000000001d49000 	/System/Library/Frameworks/Foundation.framework/Versions/C/Foundation
0x0000000001d49000 	/System/Library/Frameworks/AppKit.framework/Versions/C/AppKit
0x0000000001d49000 	/System/Library/Frameworks/CoreData.framework/Versions/A/CoreData
0x0000000001d49000 	/System/Library/PrivateFrameworks/RemoteViewServices.framework/Versions/A/RemoteViewServices
0x0000000001d49000 	/System/Library/PrivateFrameworks/UIFoundation.framework/Versions/A/UIFoundation
0x0000000001d49000 	/usr/lib/libScreenReader.dylib
0x0000000001d49000 	/System/Library/Frameworks/Accelerate.framework/Versions/A/Accelerate
0x0000000001d49000 	/System/Library/Frameworks/IOSurface.framework/Versions/A/IOSurface
0x0000000001d49000 	/System/Library/Frameworks/AudioToolbox.framework/Versions/A/AudioToolbox
0x0000000001d49000 	/System/Library/Frameworks/AudioUnit.framework/Versions/A/AudioUnit
0x0000000001d49000 	/System/Library/PrivateFrameworks/DataDetectorsCore.framework/Versions/A/DataDetectorsCore
0x0000000001d49000 	/System/Library/PrivateFrameworks/DesktopServicesPriv.framework/Versions/A/DesktopServicesPriv
0x0000000001d49000 	/System/Library/Frameworks/Carbon.framework/Versions/A/Frameworks/HIToolbox.framework/Versions/A/HIToolbox
0x0000000001d49000 	/System/Library/Frameworks/QuartzCore.framework/Versions/A/QuartzCore
0x0000000001d49000 	/System/Library/Frameworks/Carbon.framework/Versions/A/Frameworks/SpeechRecognition.framework/Versions/A/SpeechRecognition
0x0000000001d49000 	/usr/lib/libauto.dylib
0x0000000001d49000 	/usr/lib/libicucore.A.dylib
0x0000000001d49000 	/usr/lib/libxml2.2.dylib
0x0000000001d49000 	/System/Library/PrivateFrameworks/CoreUI.framework/Versions/A/CoreUI
0x0000000001d49000 	/System/Library/Frameworks/CoreAudio.framework/Versions/A/CoreAudio
0x0000000001d49000 	/System/Library/Frameworks/DiskArbitration.framework/Versions/A/DiskArbitration
0x0000000001d49000 	/usr/lib/liblangid.dylib
0x0000000001d49000 	/System/Library/PrivateFrameworks/MultitouchSupport.framework/Versions/A/MultitouchSupport
0x0000000001d49000 	/System/Library/Frameworks/IOKit.framework/Versions/A/IOKit
0x0000000001d49000 	/usr/lib/libDiagnosticMessagesClient.dylib
0x0000000001d49000 	/System/Library/Frameworks/CoreServices.framework/Versions/A/CoreServices
0x0000000001d49000 	/System/Library/PrivateFrameworks/PerformanceAnalysis.framework/Versions/A/PerformanceAnalysis
0x0000000001d49000 	/System/Library/PrivateFrameworks/GenerationalStorage.framework/Versions/A/GenerationalStorage
0x0000000001d49000 	/System/Library/Frameworks/OpenGL.framework/Versions/A/OpenGL
0x0000000001d49000 	/System/Library/PrivateFrameworks/Sharing.framework/Versions/A/Sharing
0x0000000001d49000 	/System/Library/Frameworks/CoreGraphics.framework/Versions/A/CoreGraphics
0x0000000001d49000 	/System/Library/Frameworks/CoreImage.framework/Versions/A/CoreImage
0x0000000001d49000 	/System/Library/Frameworks/CoreText.framework/Versions/A/CoreText
0x0000000001d49000 	/System/Library/Frameworks/ImageIO.framework/Versions/A/ImageIO
0x0000000001d49000 	/System/Library/PrivateFrameworks/Backup.framework/Versions/A/Backup
0x0000000001d49000 	/usr/lib/libextension.dylib
0x0000000001d49000 	/usr/lib/libarchive.2.dylib
0x0000000001d49000 	/System/Library/Frameworks/CFNetwork.framework/Versions/A/CFNetwork
0x0000000001d49000 	/System/Library/Frameworks/SystemConfiguration.framework/Versions/A/SystemConfiguration
0x0000000001d49000 	/usr/lib/libCRFSuite.dylib
0x0000000001d49000 	/usr/lib/libc++.1.dylib
0x0000000001d49000 	/usr/lib/libc++abi.dylib
0x0000000001d49000 	/usr/lib/system/libcache.dylib
0x0000000001d49000 	/usr/lib/system/libcommonCrypto.dylib
0x0000000001d49000 	/usr/lib/system/libcompiler_rt.dylib
0x0000000001d49000 	/usr/lib/system/libcopyfile.dylib
0x0000000001d49000 	/usr/lib/system/libcorecrypto.dylib
0x0000000001d49000 	/usr/lib/system/libdispatch.dylib
0x0000000001d49000 	/usr/lib/system/libdyld.dylib
0x0000000001d49000 	/usr/lib/system/libkeymgr.dylib
0x0000000001d49000 	/usr/lib/system/liblaunch.dylib
0x0000000001d49000 	/usr/lib/system/libmacho.dylib
0x0000000001d49000 	/usr/lib/system/libquarantine.dylib
0x0000000001d49000 	/usr/lib/system/libremovefile.dylib
0x0000000001d49000 	/usr/lib/system/libsystem_asl.dylib
0x0000000001d49000 	/usr/lib/system/libsystem_blocks.dylib
0x0000000001d49000 	/usr/lib/system/libsystem_c.dylib
0x0000000001d49000 	/usr/lib/system/libsystem_configuration.dylib
0x0000000001d49000 	/usr/lib/system/libsystem_coreservices.dylib
0x0000000001d49000 	/usr/lib/system/libsystem_coretls.dylib
0x0000000001d49000 	/usr/lib/system/libsystem_dnssd.dylib
0x0000000001d49000 	/usr/lib/system/libsystem_info.dylib
0x0000000001d49000 	/usr/lib/system/libsystem_kernel.dylib
0x0000000001d49000 	/usr/lib/system/libsystem_m.dylib
0x0000000001d49000 	/usr/lib/system/libsystem_malloc.dylib
0x0000000001d49000 	/usr/lib/system/libsystem_network.dylib
0x0000000001d49000 	/usr/lib/system/libsystem_networkextension.dylib
0x0000000001d49000 	/usr/lib/system/libsystem_notify.dylib
0x0000000001d49000 	/usr/lib/system/libsystem_platform.dylib
0x0000000001d49000 	/usr/lib/system/libsystem_pthread.dylib
0x0000000001d49000 	/usr/lib/system/libsystem_sandbox.dylib
0x0000000001d49000 	/usr/lib/system/libsystem_secinit.dylib
0x0000000001d49000 	/usr/lib/system/libsystem_trace.dylib
0x0000000001d49000 	/usr/lib/system/libunc.dylib
0x0000000001d49000 	/usr/lib/system/libunwind.dylib
0x0000000001d49000 	/usr/lib/system/libxpc.dylib
0x0000000001d49000 	/usr/lib/libenergytrace.dylib
0x0000000001d49000 	/usr/lib/libbsm.0.dylib
0x0000000001d49000 	/usr/lib/system/libkxld.dylib
0x0000000001d49000 	/usr/lib/libxar.1.dylib
0x0000000001d49000 	/usr/lib/libsqlite3.dylib
0x0000000001d49000 	/usr/lib/libpam.2.dylib
0x0000000001d49000 	/usr/lib/libOpenScriptingUtil.dylib
0x0000000001d49000 	/usr/lib/libbz2.1.0.dylib
0x0000000001d49000 	/usr/lib/liblzma.5.dylib
0x0000000001d49000 	/System/Library/Frameworks/CoreServices.framework/Versions/A/Frameworks/FSEvents.framework/Versions/A/FSEvents
0x0000000001d49000 	/System/Library/Frameworks/CoreServices.framework/Versions/A/Frameworks/CarbonCore.framework/Versions/A/CarbonCore
0x0000000001d49000 	/System/Library/Frameworks/CoreServices.framework/Versions/A/Frameworks/Metadata.framework/Versions/A/Metadata
0x0000000001d49000 	/System/Library/Frameworks/CoreServices.framework/Versions/A/Frameworks/OSServices.framework/Versions/A/OSServices
0x0000000001d49000 	/System/Library/Frameworks/CoreServices.framework/Versions/A/Frameworks/SearchKit.framework/Versions/A/SearchKit
0x0000000001d49000 	/System/Library/Frameworks/CoreServices.framework/Versions/A/Frameworks/AE.framework/Versions/A/AE
0x0000000001d49000 	/System/Library/Frameworks/CoreServices.framework/Versions/A/Frameworks/LaunchServices.framework/Versions/A/LaunchServices
0x0000000001d49000 	/System/Library/Frameworks/CoreServices.framework/Versions/A/Frameworks/DictionaryServices.framework/Versions/A/DictionaryServices
0x0000000001d49000 	/System/Library/Frameworks/CoreServices.framework/Versions/A/Frameworks/SharedFileList.framework/Versions/A/SharedFileList
0x0000000001d49000 	/System/Library/Frameworks/NetFS.framework/Versions/A/NetFS
0x0000000001d49000 	/System/Library/PrivateFrameworks/NetAuth.framework/Versions/A/NetAuth
0x0000000001d49000 	/System/Library/PrivateFrameworks/login.framework/Versions/A/Frameworks/loginsupport.framework/Versions/A/loginsupport
0x0000000001d49000 	/System/Library/PrivateFrameworks/TCC.framework/Versions/A/TCC
0x0000000001d49000 	/usr/lib/libmecabra.dylib
0x0000000001d49000 	/System/Library/Frameworks/ApplicationServices.framework/Versions/A/Frameworks/ATS.framework/Versions/A/ATS
0x0000000001d49000 	/System/Library/Frameworks/ApplicationServices.framework/Versions/A/Frameworks/ColorSync.framework/Versions/A/ColorSync
0x0000000001d49000 	/System/Library/Frameworks/ApplicationServices.framework/Versions/A/Frameworks/HIServices.framework/Versions/A/HIServices
0x0000000001d49000 	/System/Library/Frameworks/ApplicationServices.framework/Versions/A/Frameworks/LangAnalysis.framework/Versions/A/LangAnalysis
0x0000000001d49000 	/System/Library/Frameworks/ApplicationServices.framework/Versions/A/Frameworks/PrintCore.framework/Versions/A/PrintCore
0x0000000001d49000 	/System/Library/Frameworks/ApplicationServices.framework/Versions/A/Frameworks/QD.framework/Versions/A/QD
0x0000000001d49000 	/System/Library/Frameworks/ApplicationServices.framework/Versions/A/Frameworks/SpeechSynthesis.framework/Versions/A/SpeechSynthesis
0x0000000001d49000 	/System/Library/Frameworks/Metal.framework/Versions/A/Metal
0x0000000001d49000 	/System/Library/Frameworks/Accelerate.framework/Versions/A/Frameworks/vImage.framework/Versions/A/vImage
0x0000000001d49000 	/System/Library/Frameworks/Accelerate.framework/Versions/A/Frameworks/vecLib.framework/Versions/A/vecLib
0x0000000001d49000 	/System/Library/Frameworks/Accelerate.framework/Versions/A/Frameworks/vecLib.framework/Versions/A/libvDSP.dylib
0x0000000001d49000 	/System/Library/Frameworks/Accelerate.framework/Versions/A/Frameworks/vecLib.framework/Versions/A/libvMisc.dylib
0x0000000001d49000 	/System/Library/Frameworks/Accelerate.framework/Versions/A/Frameworks/vecLib.framework/Versions/A/libLAPACK.dylib
0x0000000001d49000 	/System/Library/Frameworks/Accelerate.framework/Versions/A/Frameworks/vecLib.framework/Versions/A/libBLAS.dylib
0x0000000001d49000 	/System/Library/Frameworks/Accelerate.framework/Versions/A/Frameworks/vecLib.framework/Versions/A/libLinearAlgebra.dylib
0x0000000001d49000 	/System/Library/Frameworks/Accelerate.framework/Versions/A/Frameworks/vecLib.framework/Versions/A/libSparseBLAS.dylib
0x0000000001d49000 	/System/Library/PrivateFrameworks/GPUCompiler.framework/libmetal_timestamp.dylib
0x0000000001d49000 	/System/Library/Frameworks/OpenGL.framework/Versions/A/Libraries/libCoreFSCache.dylib
0x0000000001d49000 	/System/Library/PrivateFrameworks/IOAccelerator.framework/Versions/A/IOAccelerator
0x0000000001d49000 	/System/Library/Frameworks/ApplicationServices.framework/Versions/A/Frameworks/ATS.framework/Versions/A/Resources/libFontParser.dylib
0x0000000001d49000 	/System/Library/Frameworks/ApplicationServices.framework/Versions/A/Frameworks/ATS.framework/Versions/A/Resources/libFontRegistry.dylib
0x0000000001d49000 	/System/Library/PrivateFrameworks/AppleVPA.framework/Versions/A/AppleVPA
0x0000000001d49000 	/System/Library/PrivateFrameworks/AppleJPEG.framework/Versions/A/AppleJPEG
0x0000000001d49000 	/System/Library/Frameworks/ImageIO.framework/Versions/A/Resources/libJPEG.dylib
0x0000000001d49000 	/System/Library/Frameworks/ImageIO.framework/Versions/A/Resources/libTIFF.dylib
0x0000000001d49000 	/System/Library/Frameworks/ImageIO.framework/Versions/A/Resources/libPng.dylib
0x0000000001d49000 	/System/Library/Frameworks/ImageIO.framework/Versions/A/Resources/libGIF.dylib
0x0000000001d49000 	/System/Library/Frameworks/ImageIO.framework/Versions/A/Resources/libJP2.dylib
0x0000000001d49000 	/System/Library/Frameworks/ImageIO.framework/Versions/A/Resources/libRadiance.dylib
0x0000000001d49000 	/System/Library/Frameworks/CoreVideo.framework/Versions/A/CoreVideo
0x0000000001d49000 	/System/Library/Frameworks/OpenGL.framework/Versions/A/Libraries/libGLU.dylib
0x0000000001d49000 	/System/Library/Frameworks/OpenGL.framework/Versions/A/Libraries/libGFXShared.dylib
0x0000000001d49000 	/System/Library/Frameworks/OpenGL.framework/Versions/A/Libraries/libGL.dylib
0x0000000001d49000 	/System/Library/Frameworks/OpenGL.framework/Versions/A/Libraries/libGLImage.dylib
0x0000000001d49000 	/System/Library/Frameworks/OpenGL.framework/Versions/A/Libraries/libCVMSPluginSupport.dylib
0x0000000001d49000 	/System/Library/Frameworks/OpenGL.framework/Versions/A/Libraries/libCoreVMClient.dylib
0x0000000001d49000 	/usr/lib/libcompression.dylib
0x0000000001d49000 	/usr/lib/libcups.2.dylib
0x0000000001d49000 	/System/Library/Frameworks/Kerberos.framework/Versions/A/Kerberos
0x0000000001d49000 	/System/Library/Frameworks/GSS.framework/Versions/A/GSS
0x0000000001d49000 	/usr/lib/libresolv.9.dylib
0x0000000001d49000 	/usr/lib/libiconv.2.dylib
0x0000000001d49000 	/System/Library/PrivateFrameworks/Heimdal.framework/Versions/A/Heimdal
0x0000000001d49000 	/usr/lib/libheimdal-asn1.dylib
0x0000000001d49000 	/System/Library/Frameworks/OpenDirectory.framework/Versions/A/OpenDirectory
0x0000000001d49000 	/System/Library/PrivateFrameworks/CommonAuth.framework/Versions/A/CommonAuth
0x0000000001d49000 	/System/Library/Frameworks/OpenDirectory.framework/Versions/A/Frameworks/CFOpenDirectory.framework/Versions/A/CFOpenDirectory
0x0000000001d49000 	/System/Library/Frameworks/SecurityFoundation.framework/Versions/A/SecurityFoundation
0x0000000001d49000 	/System/Library/PrivateFrameworks/LanguageModeling.framework/Versions/A/LanguageModeling
0x0000000001d49000 	/usr/lib/libmarisa.dylib
0x0000000001d49000 	/usr/lib/libChineseTokenizer.dylib
0x0000000001d49000 	/usr/lib/libcmph.dylib
0x0000000001d49000 	/System/Library/Frameworks/ServiceManagement.framework/Versions/A/ServiceManagement
0x0000000001d49000 	/usr/lib/libxslt.1.dylib
0x0000000001d49000 	/System/Library/Frameworks/Carbon.framework/Versions/A/Frameworks/Ink.framework/Versions/A/Ink
0x0000000001d49000 	/usr/lib/libFosl_dynamic.dylib
0x0000000001d49000 	/System/Library/PrivateFrameworks/FaceCore.framework/Versions/A/FaceCore
0x0000000001d49000 	/System/Library/Frameworks/OpenCL.framework/Versions/A/OpenCL
0x0000000001d49000 	/System/Library/PrivateFrameworks/CrashReporterSupport.framework/Versions/A/CrashReporterSupport
0x0000000001d49000 	/System/Library/PrivateFrameworks/IconServices.framework/Versions/A/IconServices
0x0000000001d49000 	/System/Library/PrivateFrameworks/Apple80211.framework/Versions/A/Apple80211
0x0000000001d49000 	/System/Library/Frameworks/CoreWLAN.framework/Versions/A/CoreWLAN
0x0000000001d49000 	/System/Library/Frameworks/IOBluetooth.framework/Versions/A/IOBluetooth
0x0000000001d49000 	/System/Library/PrivateFrameworks/CoreWiFi.framework/Versions/A/CoreWiFi
0x0000000001d49000 	/System/Library/Frameworks/CoreBluetooth.framework/Versions/A/CoreBluetooth
0x0000000001d49000 	/System/Library/PrivateFrameworks/ChunkingLibrary.framework/Versions/A/ChunkingLibrary
0x0000000001d49000 	/System/Library/PrivateFrameworks/DebugSymbols.framework/Versions/A/DebugSymbols
0x0000000001d49000 	/System/Library/PrivateFrameworks/CoreSymbolication.framework/Versions/A/CoreSymbolication
0x0000000001d49000 	/System/Library/PrivateFrameworks/Symbolication.framework/Versions/A/Symbolication
0x0000000001d49000 	/System/Library/PrivateFrameworks/SpeechRecognitionCore.framework/Versions/A/SpeechRecognitionCore
0x0000000102ccd000 	/Library/Java/JavaVirtualMachines/jdk1.8.0_65.jdk/Contents/Home/jre/lib/server/libjvm.dylib
0x0000000001d49000 	/usr/lib/libstdc++.6.dylib
0x0000000103c56000 	/Library/Java/JavaVirtualMachines/jdk1.8.0_65.jdk/Contents/Home/jre/lib/libverify.dylib
0x0000000103c64000 	/Library/Java/JavaVirtualMachines/jdk1.8.0_65.jdk/Contents/Home/jre/lib/libjava.dylib
0x0000000103c9e000 	/Library/Java/JavaVirtualMachines/jdk1.8.0_65.jdk/Contents/Home/jre/lib/libjdwp.dylib
0x0000000103ce9000 	/Library/Java/JavaVirtualMachines/jdk1.8.0_65.jdk/Contents/Home/jre/lib/libnpt.dylib
0x0000000103cf6000 	/Library/Java/JavaVirtualMachines/jdk1.8.0_65.jdk/Contents/Home/jre/lib/libzip.dylib
0x0000000117911000 	/System/Library/Frameworks/JavaVM.framework/Frameworks/JavaRuntimeSupport.framework/JavaRuntimeSupport
0x0000000103de8000 	/System/Library/Frameworks/JavaVM.framework/Versions/A/Frameworks/JavaNativeFoundation.framework/Versions/A/JavaNativeFoundation
0x000000011792c000 	/System/Library/Frameworks/JavaVM.framework/Versions/A/JavaVM
0x0000000001d49000 	/System/Library/Frameworks/Carbon.framework/Versions/A/Carbon
0x0000000117939000 	/System/Library/PrivateFrameworks/JavaLaunching.framework/Versions/A/JavaLaunching
0x0000000001d49000 	/System/Library/Frameworks/Carbon.framework/Versions/A/Frameworks/CommonPanels.framework/Versions/A/CommonPanels
0x0000000001d49000 	/System/Library/Frameworks/Carbon.framework/Versions/A/Frameworks/Help.framework/Versions/A/Help
0x0000000001d49000 	/System/Library/Frameworks/Carbon.framework/Versions/A/Frameworks/ImageCapture.framework/Versions/A/ImageCapture
0x0000000001d49000 	/System/Library/Frameworks/Carbon.framework/Versions/A/Frameworks/OpenScripting.framework/Versions/A/OpenScripting
0x0000000001d49000 	/System/Library/Frameworks/Carbon.framework/Versions/A/Frameworks/Print.framework/Versions/A/Print
0x0000000001d49000 	/System/Library/Frameworks/Carbon.framework/Versions/A/Frameworks/SecurityHI.framework/Versions/A/SecurityHI
0x000000011925a000 	/Library/Java/JavaVirtualMachines/jdk1.8.0_65.jdk/Contents/Home/jre/lib/libdt_socket.dylib

VM Arguments:
jvm_args: -agentlib:jdwp=transport=dt_socket,address=127.0.0.1:54388,suspend=y,server=n -ea -Dfile.encoding=UTF-8 
java_command: com.intellij.rt.execution.junit.JUnitStarter -ideVersion5 objsets.TweetSetSuite
java_class_path (initial): /Applications/IntelliJ IDEA CE.app/Contents/lib/idea_rt.jar:/Applications/IntelliJ IDEA CE.app/Contents/plugins/junit/lib/junit-rt.jar:/Library/Java/JavaVirtualMachines/jdk1.8.0_65.jdk/Contents/Home/jre/lib/charsets.jar:/Library/Java/JavaVirtualMachines/jdk1.8.0_65.jdk/Contents/Home/jre/lib/deploy.jar:/Library/Java/JavaVirtualMachines/jdk1.8.0_65.jdk/Contents/Home/jre/lib/ext/cldrdata.jar:/Library/Java/JavaVirtualMachines/jdk1.8.0_65.jdk/Contents/Home/jre/lib/ext/dnsns.jar:/Library/Java/JavaVirtualMachines/jdk1.8.0_65.jdk/Contents/Home/jre/lib/ext/jaccess.jar:/Library/Java/JavaVirtualMachines/jdk1.8.0_65.jdk/Contents/Home/jre/lib/ext/jfxrt.jar:/Library/Java/JavaVirtualMachines/jdk1.8.0_65.jdk/Contents/Home/jre/lib/ext/localedata.jar:/Library/Java/JavaVirtualMachines/jdk1.8.0_65.jdk/Contents/Home/jre/lib/ext/nashorn.jar:/Library/Java/JavaVirtualMachines/jdk1.8.0_65.jdk/Contents/Home/jre/lib/ext/sunec.jar:/Library/Java/JavaVirtualMachines/jdk1.8.0_65.jdk/Contents/Home/jre/lib/ext/sunjce_provider.jar:/Library/Java/JavaVirtualMachines/jdk1.8.0_65.jdk/Contents/Home/jre/lib/ext/sunpkcs11.jar:/Library/Java/JavaVirtualMachines/jdk1.8.0_65.jdk/Contents/Home/jre/lib/ext/zipfs.jar:/Library/Java/JavaVirtualMachines/jdk1.8.0_65.jdk/Contents/Home/jre/lib/javaws.jar:/Library/Java/JavaVirtualMachines/jdk1.8.0_65.jdk/Contents/Home/jre/lib/jce.jar:/Library/Java/JavaVirtualMachines/jdk1.8.0_65.jdk/Contents/Home/jre/lib/jfr.jar:/Library/Java/JavaVirtualMachines/jdk1.8.0_65.jdk/Contents/Home/jre/lib/jfxswt.jar:/Library/Java/JavaVirtualMachines/jdk1.8.0_65.jdk/Contents/Home/jre/lib/jsse.jar:/Library/Java/JavaVirtualMachines/jdk1.8.0_65.jdk/Contents/Home/jre/lib/management-agent.jar:/Library/Java/JavaVirtualMachines/jdk1.8.0_65.jdk/Contents/Home/jre/lib/plugin.jar:/Library/Java/JavaVirtualMachines/jdk1.8.0_65.jdk/Contents/Home/jre/lib/resources.jar:/Library/Java/JavaVirtualMachines/jdk1.8.0_65.jdk/Contents/Home/jre/lib/rt.jar:/Library/Java/JavaVirtualMachines/
Launcher Type: SUN_STANDARD

Environment Variables:
PATH=/usr/local/bin:/usr/bin:/bin:/usr/sbin:/sbin
SHELL=/bin/bash

Signal Handlers:
SIGSEGV: [libjvm.dylib+0x5a6d31], sa_mask[0]=11111111011111110111111111111111, sa_flags=SA_ONSTACK|SA_RESTART|SA_SIGINFO
SIGBUS: [libjvm.dylib+0x5a6d31], sa_mask[0]=11111111011111110111111111111111, sa_flags=SA_RESTART|SA_SIGINFO
SIGFPE: [libjvm.dylib+0x480a40], sa_mask[0]=11111111011111110111111111111111, sa_flags=SA_RESTART|SA_SIGINFO
SIGPIPE: [libjvm.dylib+0x480a40], sa_mask[0]=11111111011111110111111111111111, sa_flags=SA_RESTART|SA_SIGINFO
SIGXFSZ: [libjvm.dylib+0x480a40], sa_mask[0]=11111111011111110111111111111111, sa_flags=SA_RESTART|SA_SIGINFO
SIGILL: [libjvm.dylib+0x480a40], sa_mask[0]=11111111011111110111111111111111, sa_flags=SA_RESTART|SA_SIGINFO
SIGUSR1: SIG_DFL, sa_mask[0]=00000000000000000000000000000000, sa_flags=none
SIGUSR2: [libjvm.dylib+0x48055e], sa_mask[0]=00100000000000000000000000000000, sa_flags=SA_RESTART|SA_SIGINFO
SIGHUP: [libjvm.dylib+0x47eb35], sa_mask[0]=11111111011111110111111111111111, sa_flags=SA_RESTART|SA_SIGINFO
SIGINT: [libjvm.dylib+0x47eb35], sa_mask[0]=11111111011111110111111111111111, sa_flags=SA_RESTART|SA_SIGINFO
SIGTERM: [libjvm.dylib+0x47eb35], sa_mask[0]=11111111011111110111111111111111, sa_flags=SA_RESTART|SA_SIGINFO
SIGQUIT: [libjvm.dylib+0x47eb35], sa_mask[0]=11111111011111110111111111111111, sa_flags=SA_RESTART|SA_SIGINFO


---------------  S Y S T E M  ---------------

OS:Bsduname:Darwin 15.6.0 Darwin Kernel Version 15.6.0: Thu Jun 23 18:25:34 PDT 2016; root:xnu-3248.60.10~1/RELEASE_X86_64 x86_64
rlimit: STACK 8192k, CORE 0k, NPROC 709, NOFILE 10240, AS infinity
load average:6.66 6.29 6.24

CPU:total 4 (2 cores per cpu, 2 threads per core) family 6 model 61 stepping 4, cmov, cx8, fxsr, mmx, sse, sse2, sse3, ssse3, sse4.1, sse4.2, popcnt, avx, avx2, aes, clmul, erms, 3dnowpref, lzcnt, ht, tsc, tscinvbit, bmi1, bmi2, adx

Memory: 4k page, physical 4194304k(31936k free)

/proc/meminfo:


vm_info: Java HotSpot(TM) 64-Bit Server VM (25.65-b01) for bsd-amd64 JRE (1.8.0_65-b17), built on Oct  6 2015 15:36:46 by "java_re" with gcc 4.2.1 (Based on Apple Inc. build 5658) (LLVM build 2336.11.00)

time: Sun Apr  2 17:28:33 2017
elapsed time: 1301 seconds (0d 0h 21m 41s)

